2023-04-17T16:48:46.544-05:00  INFO 12212 --- [restartedMain] com.onpe.OnpeFinalApplication            : Starting OnpeFinalApplication using Java 17.0.6 with PID 12212 (C:\Users\BAUYES\Desktop\Onpe_Final\target\classes started by BAUYES in C:\Users\BAUYES\Desktop\Onpe_Final)
2023-04-17T16:48:46.547-05:00  INFO 12212 --- [restartedMain] com.onpe.OnpeFinalApplication            : No active profile set, falling back to 1 default profile: "default"
2023-04-17T16:48:46.649-05:00  INFO 12212 --- [restartedMain] .e.DevToolsPropertyDefaultsPostProcessor : Devtools property defaults active! Set 'spring.devtools.add-properties' to 'false' to disable
2023-04-17T16:48:46.650-05:00  INFO 12212 --- [restartedMain] .e.DevToolsPropertyDefaultsPostProcessor : For additional web related logging consider setting the 'logging.level.web' property to 'DEBUG'
2023-04-17T16:48:47.800-05:00  INFO 12212 --- [restartedMain] .s.d.r.c.RepositoryConfigurationDelegate : Multiple Spring Data modules found, entering strict repository configuration mode
2023-04-17T16:48:47.802-05:00  INFO 12212 --- [restartedMain] .s.d.r.c.RepositoryConfigurationDelegate : Bootstrapping Spring Data JDBC repositories in DEFAULT mode.
2023-04-17T16:48:47.845-05:00  INFO 12212 --- [restartedMain] .RepositoryConfigurationExtensionSupport : Spring Data JDBC - Could not safely identify store assignment for repository candidate interface com.onpe.repository.IGrupoCaso; If you want this repository to be a JDBC repository, consider annotating your entities with one of these annotations: org.springframework.data.relational.core.mapping.Table.
2023-04-17T16:48:47.846-05:00  INFO 12212 --- [restartedMain] .s.d.r.c.RepositoryConfigurationDelegate : Finished Spring Data repository scanning in 38 ms. Found 0 JDBC repository interfaces.
2023-04-17T16:48:47.872-05:00  INFO 12212 --- [restartedMain] .s.d.r.c.RepositoryConfigurationDelegate : Multiple Spring Data modules found, entering strict repository configuration mode
2023-04-17T16:48:47.877-05:00  INFO 12212 --- [restartedMain] .s.d.r.c.RepositoryConfigurationDelegate : Bootstrapping Spring Data JPA repositories in DEFAULT mode.
2023-04-17T16:48:47.980-05:00  INFO 12212 --- [restartedMain] .s.d.r.c.RepositoryConfigurationDelegate : Finished Spring Data repository scanning in 72 ms. Found 1 JPA repository interfaces.
2023-04-17T16:48:48.823-05:00  INFO 12212 --- [restartedMain] o.s.b.w.embedded.tomcat.TomcatWebServer  : Tomcat initialized with port(s): 8080 (http)
2023-04-17T16:48:48.837-05:00  INFO 12212 --- [restartedMain] o.apache.catalina.core.StandardService   : Starting service [Tomcat]
2023-04-17T16:48:48.838-05:00  INFO 12212 --- [restartedMain] o.apache.catalina.core.StandardEngine    : Starting Servlet engine: [Apache Tomcat/10.1.7]
2023-04-17T16:48:48.989-05:00  INFO 12212 --- [restartedMain] o.a.c.c.C.[Tomcat].[localhost].[/onpe]   : Initializing Spring embedded WebApplicationContext
2023-04-17T16:48:48.989-05:00  INFO 12212 --- [restartedMain] w.s.c.ServletWebServerApplicationContext : Root WebApplicationContext: initialization completed in 2314 ms
2023-04-17T16:48:49.234-05:00  INFO 12212 --- [restartedMain] o.hibernate.jpa.internal.util.LogHelper  : HHH000204: Processing PersistenceUnitInfo [name: default]
2023-04-17T16:48:49.310-05:00  INFO 12212 --- [restartedMain] org.hibernate.Version                    : HHH000412: Hibernate ORM core version 6.1.7.Final
2023-04-17T16:48:49.684-05:00  INFO 12212 --- [restartedMain] com.zaxxer.hikari.HikariDataSource       : HikariPool-1 - Starting...
2023-04-17T16:48:50.031-05:00  INFO 12212 --- [restartedMain] com.zaxxer.hikari.pool.HikariPool        : HikariPool-1 - Added connection ConnectionID:1 ClientConnectionId: b1613961-5259-4358-b3c8-2aaaf275bb49
2023-04-17T16:48:50.037-05:00  INFO 12212 --- [restartedMain] com.zaxxer.hikari.HikariDataSource       : HikariPool-1 - Start completed.
2023-04-17T16:48:50.089-05:00  INFO 12212 --- [restartedMain] SQL dialect                              : HHH000400: Using dialect: org.hibernate.dialect.SQLServerDialect
2023-04-17T16:48:51.049-05:00  INFO 12212 --- [restartedMain] o.h.e.t.j.p.i.JtaPlatformInitiator       : HHH000490: Using JtaPlatform implementation: [org.hibernate.engine.transaction.jta.platform.internal.NoJtaPlatform]
2023-04-17T16:48:51.063-05:00  INFO 12212 --- [restartedMain] j.LocalContainerEntityManagerFactoryBean : Initialized JPA EntityManagerFactory for persistence unit 'default'
2023-04-17T16:48:51.437-05:00  WARN 12212 --- [restartedMain] JpaBaseConfiguration$JpaWebConfiguration : spring.jpa.open-in-view is enabled by default. Therefore, database queries may be performed during view rendering. Explicitly configure spring.jpa.open-in-view to disable this warning
2023-04-17T16:48:51.644-05:00  INFO 12212 --- [restartedMain] o.s.b.a.w.s.WelcomePageHandlerMapping    : Adding welcome page template: index
2023-04-17T16:48:51.968-05:00  WARN 12212 --- [restartedMain] o.s.data.convert.CustomConversions       : Registering converter from class microsoft.sql.DateTimeOffset to class java.time.OffsetDateTime as reading converter although it doesn't convert from a store-supported type; You might want to check your annotation setup at the converter implementation
2023-04-17T16:48:52.072-05:00  INFO 12212 --- [restartedMain] o.s.b.d.a.OptionalLiveReloadServer       : LiveReload server is running on port 35729
2023-04-17T16:48:52.126-05:00  INFO 12212 --- [restartedMain] o.s.b.w.embedded.tomcat.TomcatWebServer  : Tomcat started on port(s): 8080 (http) with context path '/onpe'
2023-04-17T16:48:52.148-05:00  INFO 12212 --- [restartedMain] com.onpe.OnpeFinalApplication            : Started OnpeFinalApplication in 6.113 seconds (process running for 7.331)
2023-04-17T16:49:26.787-05:00  INFO 12212 --- [http-nio-8080-exec-2] o.a.c.c.C.[Tomcat].[localhost].[/onpe]   : Initializing Spring DispatcherServlet 'dispatcherServlet'
2023-04-17T16:49:26.788-05:00  INFO 12212 --- [http-nio-8080-exec-2] o.s.web.servlet.DispatcherServlet        : Initializing Servlet 'dispatcherServlet'
2023-04-17T16:49:26.790-05:00  INFO 12212 --- [http-nio-8080-exec-2] o.s.web.servlet.DispatcherServlet        : Completed initialization in 1 ms
2023-04-17T16:51:57.806-05:00  INFO 12212 --- [File Watcher] rtingClassPathChangeChangedEventListener : Restarting due to 1 class path change (0 additions, 0 deletions, 1 modification)
2023-04-17T16:51:57.925-05:00  INFO 12212 --- [Thread-5] o.apache.catalina.core.StandardService   : Stopping service [Tomcat]
2023-04-17T16:51:57.930-05:00  INFO 12212 --- [Thread-5] o.a.c.c.C.[Tomcat].[localhost].[/onpe]   : Destroying Spring FrameworkServlet 'dispatcherServlet'
2023-04-17T16:51:57.951-05:00  INFO 12212 --- [Thread-5] j.LocalContainerEntityManagerFactoryBean : Closing JPA EntityManagerFactory for persistence unit 'default'
2023-04-17T16:51:57.955-05:00  INFO 12212 --- [Thread-5] com.zaxxer.hikari.HikariDataSource       : HikariPool-1 - Shutdown initiated...
2023-04-17T16:51:57.960-05:00  INFO 12212 --- [Thread-5] com.zaxxer.hikari.HikariDataSource       : HikariPool-1 - Shutdown completed.
2023-04-17T16:51:58.145-05:00  INFO 12212 --- [restartedMain] com.onpe.OnpeFinalApplication            : Starting OnpeFinalApplication using Java 17.0.6 with PID 12212 (C:\Users\BAUYES\Desktop\Onpe_Final\target\classes started by BAUYES in C:\Users\BAUYES\Desktop\Onpe_Final)
2023-04-17T16:51:58.146-05:00  INFO 12212 --- [restartedMain] com.onpe.OnpeFinalApplication            : No active profile set, falling back to 1 default profile: "default"
2023-04-17T16:51:58.502-05:00  INFO 12212 --- [restartedMain] .s.d.r.c.RepositoryConfigurationDelegate : Multiple Spring Data modules found, entering strict repository configuration mode
2023-04-17T16:51:58.502-05:00  INFO 12212 --- [restartedMain] .s.d.r.c.RepositoryConfigurationDelegate : Bootstrapping Spring Data JDBC repositories in DEFAULT mode.
2023-04-17T16:51:58.508-05:00  INFO 12212 --- [restartedMain] .RepositoryConfigurationExtensionSupport : Spring Data JDBC - Could not safely identify store assignment for repository candidate interface com.onpe.repository.IGrupoCaso; If you want this repository to be a JDBC repository, consider annotating your entities with one of these annotations: org.springframework.data.relational.core.mapping.Table.
2023-04-17T16:51:58.508-05:00  INFO 12212 --- [restartedMain] .s.d.r.c.RepositoryConfigurationDelegate : Finished Spring Data repository scanning in 5 ms. Found 0 JDBC repository interfaces.
2023-04-17T16:51:58.514-05:00  INFO 12212 --- [restartedMain] .s.d.r.c.RepositoryConfigurationDelegate : Multiple Spring Data modules found, entering strict repository configuration mode
2023-04-17T16:51:58.515-05:00  INFO 12212 --- [restartedMain] .s.d.r.c.RepositoryConfigurationDelegate : Bootstrapping Spring Data JPA repositories in DEFAULT mode.
2023-04-17T16:51:58.522-05:00  INFO 12212 --- [restartedMain] .s.d.r.c.RepositoryConfigurationDelegate : Finished Spring Data repository scanning in 7 ms. Found 1 JPA repository interfaces.
2023-04-17T16:51:58.713-05:00  INFO 12212 --- [restartedMain] o.s.b.w.embedded.tomcat.TomcatWebServer  : Tomcat initialized with port(s): 8080 (http)
2023-04-17T16:51:58.714-05:00  INFO 12212 --- [restartedMain] o.apache.catalina.core.StandardService   : Starting service [Tomcat]
2023-04-17T16:51:58.714-05:00  INFO 12212 --- [restartedMain] o.apache.catalina.core.StandardEngine    : Starting Servlet engine: [Apache Tomcat/10.1.7]
2023-04-17T16:51:58.743-05:00  INFO 12212 --- [restartedMain] o.a.c.c.C.[Tomcat].[localhost].[/onpe]   : Initializing Spring embedded WebApplicationContext
2023-04-17T16:51:58.746-05:00  INFO 12212 --- [restartedMain] w.s.c.ServletWebServerApplicationContext : Root WebApplicationContext: initialization completed in 592 ms
2023-04-17T16:51:58.818-05:00  INFO 12212 --- [restartedMain] o.hibernate.jpa.internal.util.LogHelper  : HHH000204: Processing PersistenceUnitInfo [name: default]
2023-04-17T16:51:58.838-05:00  INFO 12212 --- [restartedMain] com.zaxxer.hikari.HikariDataSource       : HikariPool-2 - Starting...
2023-04-17T16:51:58.889-05:00  INFO 12212 --- [restartedMain] com.zaxxer.hikari.pool.HikariPool        : HikariPool-2 - Added connection ConnectionID:11 ClientConnectionId: 0daebed6-27f7-488e-9a42-734f9e3a2818
2023-04-17T16:51:58.890-05:00  INFO 12212 --- [restartedMain] com.zaxxer.hikari.HikariDataSource       : HikariPool-2 - Start completed.
2023-04-17T16:51:58.890-05:00  INFO 12212 --- [restartedMain] SQL dialect                              : HHH000400: Using dialect: org.hibernate.dialect.SQLServerDialect
2023-04-17T16:51:58.968-05:00  INFO 12212 --- [restartedMain] o.h.e.t.j.p.i.JtaPlatformInitiator       : HHH000490: Using JtaPlatform implementation: [org.hibernate.engine.transaction.jta.platform.internal.NoJtaPlatform]
2023-04-17T16:51:58.969-05:00  INFO 12212 --- [restartedMain] j.LocalContainerEntityManagerFactoryBean : Initialized JPA EntityManagerFactory for persistence unit 'default'
2023-04-17T16:51:59.137-05:00  WARN 12212 --- [restartedMain] JpaBaseConfiguration$JpaWebConfiguration : spring.jpa.open-in-view is enabled by default. Therefore, database queries may be performed during view rendering. Explicitly configure spring.jpa.open-in-view to disable this warning
2023-04-17T16:51:59.247-05:00  INFO 12212 --- [restartedMain] o.s.b.a.w.s.WelcomePageHandlerMapping    : Adding welcome page template: index
2023-04-17T16:51:59.411-05:00  WARN 12212 --- [restartedMain] o.s.data.convert.CustomConversions       : Registering converter from class microsoft.sql.DateTimeOffset to class java.time.OffsetDateTime as reading converter although it doesn't convert from a store-supported type; You might want to check your annotation setup at the converter implementation
2023-04-17T16:51:59.448-05:00  INFO 12212 --- [restartedMain] o.s.b.d.a.OptionalLiveReloadServer       : LiveReload server is running on port 35729
2023-04-17T16:51:59.467-05:00  INFO 12212 --- [restartedMain] o.s.b.w.embedded.tomcat.TomcatWebServer  : Tomcat started on port(s): 8080 (http) with context path '/onpe'
2023-04-17T16:51:59.486-05:00  INFO 12212 --- [restartedMain] com.onpe.OnpeFinalApplication            : Started OnpeFinalApplication in 1.434 seconds (process running for 194.67)
2023-04-17T16:51:59.506-05:00  INFO 12212 --- [restartedMain] .ConditionEvaluationDeltaLoggingListener : Condition evaluation unchanged
2023-04-17T16:52:07.657-05:00  INFO 12212 --- [RMI TCP Connection(10)-127.0.0.1] inMXBeanRegistrar$SpringApplicationAdmin : Application shutdown requested.
2023-04-17T16:52:07.665-05:00  INFO 12212 --- [RMI TCP Connection(10)-127.0.0.1] o.apache.catalina.core.StandardService   : Stopping service [Tomcat]
2023-04-17T16:52:07.668-05:00  WARN 12212 --- [RMI TCP Connection(10)-127.0.0.1] o.a.c.loader.WebappClassLoaderBase       : The web application [onpe] appears to have started a thread named [mssql-jdbc-shared-timer-core-1] but has failed to stop it. This is very likely to create a memory leak. Stack trace of thread:
 java.base@17.0.6/jdk.internal.misc.Unsafe.park(Native Method)
 java.base@17.0.6/java.util.concurrent.locks.LockSupport.park(LockSupport.java:341)
 java.base@17.0.6/java.util.concurrent.locks.AbstractQueuedSynchronizer$ConditionNode.block(AbstractQueuedSynchronizer.java:506)
 java.base@17.0.6/java.util.concurrent.ForkJoinPool.unmanagedBlock(ForkJoinPool.java:3463)
 java.base@17.0.6/java.util.concurrent.ForkJoinPool.managedBlock(ForkJoinPool.java:3434)
 java.base@17.0.6/java.util.concurrent.locks.AbstractQueuedSynchronizer$ConditionObject.await(AbstractQueuedSynchronizer.java:1623)
 java.base@17.0.6/java.util.concurrent.ScheduledThreadPoolExecutor$DelayedWorkQueue.take(ScheduledThreadPoolExecutor.java:1170)
 java.base@17.0.6/java.util.concurrent.ScheduledThreadPoolExecutor$DelayedWorkQueue.take(ScheduledThreadPoolExecutor.java:899)
 java.base@17.0.6/java.util.concurrent.ThreadPoolExecutor.getTask(ThreadPoolExecutor.java:1062)
 java.base@17.0.6/java.util.concurrent.ThreadPoolExecutor.runWorker(ThreadPoolExecutor.java:1122)
 java.base@17.0.6/java.util.concurrent.ThreadPoolExecutor$Worker.run(ThreadPoolExecutor.java:635)
 java.base@17.0.6/java.lang.Thread.run(Thread.java:833)
2023-04-17T16:52:07.669-05:00  WARN 12212 --- [RMI TCP Connection(10)-127.0.0.1] o.a.c.loader.WebappClassLoaderBase       : The web application [onpe] appears to have started a thread named [HikariPool-2 housekeeper] but has failed to stop it. This is very likely to create a memory leak. Stack trace of thread:
 java.base@17.0.6/jdk.internal.misc.Unsafe.park(Native Method)
 java.base@17.0.6/java.util.concurrent.locks.LockSupport.parkNanos(LockSupport.java:252)
 java.base@17.0.6/java.util.concurrent.locks.AbstractQueuedSynchronizer$ConditionObject.awaitNanos(AbstractQueuedSynchronizer.java:1672)
 java.base@17.0.6/java.util.concurrent.ScheduledThreadPoolExecutor$DelayedWorkQueue.take(ScheduledThreadPoolExecutor.java:1182)
 java.base@17.0.6/java.util.concurrent.ScheduledThreadPoolExecutor$DelayedWorkQueue.take(ScheduledThreadPoolExecutor.java:899)
 java.base@17.0.6/java.util.concurrent.ThreadPoolExecutor.getTask(ThreadPoolExecutor.java:1062)
 java.base@17.0.6/java.util.concurrent.ThreadPoolExecutor.runWorker(ThreadPoolExecutor.java:1122)
 java.base@17.0.6/java.util.concurrent.ThreadPoolExecutor$Worker.run(ThreadPoolExecutor.java:635)
 java.base@17.0.6/java.lang.Thread.run(Thread.java:833)
2023-04-17T16:52:07.671-05:00  INFO 12212 --- [RMI TCP Connection(10)-127.0.0.1] j.LocalContainerEntityManagerFactoryBean : Closing JPA EntityManagerFactory for persistence unit 'default'
2023-04-17T16:52:07.672-05:00  INFO 12212 --- [RMI TCP Connection(10)-127.0.0.1] com.zaxxer.hikari.HikariDataSource       : HikariPool-2 - Shutdown initiated...
2023-04-17T16:52:07.674-05:00  INFO 12212 --- [RMI TCP Connection(10)-127.0.0.1] com.zaxxer.hikari.HikariDataSource       : HikariPool-2 - Shutdown completed.
2023-04-17T16:52:10.709-05:00  INFO 14568 --- [restartedMain] com.onpe.OnpeFinalApplication            : Starting OnpeFinalApplication using Java 17.0.6 with PID 14568 (C:\Users\BAUYES\Desktop\Onpe_Final\target\classes started by BAUYES in C:\Users\BAUYES\Desktop\Onpe_Final)
2023-04-17T16:52:10.714-05:00  INFO 14568 --- [restartedMain] com.onpe.OnpeFinalApplication            : No active profile set, falling back to 1 default profile: "default"
2023-04-17T16:52:10.816-05:00  INFO 14568 --- [restartedMain] .e.DevToolsPropertyDefaultsPostProcessor : Devtools property defaults active! Set 'spring.devtools.add-properties' to 'false' to disable
2023-04-17T16:52:10.818-05:00  INFO 14568 --- [restartedMain] .e.DevToolsPropertyDefaultsPostProcessor : For additional web related logging consider setting the 'logging.level.web' property to 'DEBUG'
2023-04-17T16:52:11.672-05:00  INFO 14568 --- [restartedMain] .s.d.r.c.RepositoryConfigurationDelegate : Multiple Spring Data modules found, entering strict repository configuration mode
2023-04-17T16:52:11.676-05:00  INFO 14568 --- [restartedMain] .s.d.r.c.RepositoryConfigurationDelegate : Bootstrapping Spring Data JDBC repositories in DEFAULT mode.
2023-04-17T16:52:11.747-05:00  INFO 14568 --- [restartedMain] .RepositoryConfigurationExtensionSupport : Spring Data JDBC - Could not safely identify store assignment for repository candidate interface com.onpe.repository.IGrupoCaso; If you want this repository to be a JDBC repository, consider annotating your entities with one of these annotations: org.springframework.data.relational.core.mapping.Table.
2023-04-17T16:52:11.748-05:00  INFO 14568 --- [restartedMain] .s.d.r.c.RepositoryConfigurationDelegate : Finished Spring Data repository scanning in 61 ms. Found 0 JDBC repository interfaces.
2023-04-17T16:52:11.768-05:00  INFO 14568 --- [restartedMain] .s.d.r.c.RepositoryConfigurationDelegate : Multiple Spring Data modules found, entering strict repository configuration mode
2023-04-17T16:52:11.769-05:00  INFO 14568 --- [restartedMain] .s.d.r.c.RepositoryConfigurationDelegate : Bootstrapping Spring Data JPA repositories in DEFAULT mode.
2023-04-17T16:52:11.824-05:00  INFO 14568 --- [restartedMain] .s.d.r.c.RepositoryConfigurationDelegate : Finished Spring Data repository scanning in 50 ms. Found 1 JPA repository interfaces.
2023-04-17T16:52:12.683-05:00  INFO 14568 --- [restartedMain] o.s.b.w.embedded.tomcat.TomcatWebServer  : Tomcat initialized with port(s): 8080 (http)
2023-04-17T16:52:12.697-05:00  INFO 14568 --- [restartedMain] o.apache.catalina.core.StandardService   : Starting service [Tomcat]
2023-04-17T16:52:12.697-05:00  INFO 14568 --- [restartedMain] o.apache.catalina.core.StandardEngine    : Starting Servlet engine: [Apache Tomcat/10.1.7]
2023-04-17T16:52:12.814-05:00  INFO 14568 --- [restartedMain] o.a.c.c.C.[Tomcat].[localhost].[/onpe]   : Initializing Spring embedded WebApplicationContext
2023-04-17T16:52:12.815-05:00  INFO 14568 --- [restartedMain] w.s.c.ServletWebServerApplicationContext : Root WebApplicationContext: initialization completed in 1991 ms
2023-04-17T16:52:13.085-05:00  INFO 14568 --- [restartedMain] o.hibernate.jpa.internal.util.LogHelper  : HHH000204: Processing PersistenceUnitInfo [name: default]
2023-04-17T16:52:13.178-05:00  INFO 14568 --- [restartedMain] org.hibernate.Version                    : HHH000412: Hibernate ORM core version 6.1.7.Final
2023-04-17T16:52:13.616-05:00  INFO 14568 --- [restartedMain] com.zaxxer.hikari.HikariDataSource       : HikariPool-1 - Starting...
2023-04-17T16:52:13.948-05:00  INFO 14568 --- [restartedMain] com.zaxxer.hikari.pool.HikariPool        : HikariPool-1 - Added connection ConnectionID:1 ClientConnectionId: c1619fe6-5909-4b2a-befc-d50b49e37b60
2023-04-17T16:52:13.957-05:00  INFO 14568 --- [restartedMain] com.zaxxer.hikari.HikariDataSource       : HikariPool-1 - Start completed.
2023-04-17T16:52:14.016-05:00  INFO 14568 --- [restartedMain] SQL dialect                              : HHH000400: Using dialect: org.hibernate.dialect.SQLServerDialect
2023-04-17T16:52:14.989-05:00  INFO 14568 --- [restartedMain] o.h.e.t.j.p.i.JtaPlatformInitiator       : HHH000490: Using JtaPlatform implementation: [org.hibernate.engine.transaction.jta.platform.internal.NoJtaPlatform]
2023-04-17T16:52:15.011-05:00  INFO 14568 --- [restartedMain] j.LocalContainerEntityManagerFactoryBean : Initialized JPA EntityManagerFactory for persistence unit 'default'
2023-04-17T16:52:15.465-05:00  WARN 14568 --- [restartedMain] JpaBaseConfiguration$JpaWebConfiguration : spring.jpa.open-in-view is enabled by default. Therefore, database queries may be performed during view rendering. Explicitly configure spring.jpa.open-in-view to disable this warning
2023-04-17T16:52:15.687-05:00  INFO 14568 --- [restartedMain] o.s.b.a.w.s.WelcomePageHandlerMapping    : Adding welcome page template: index
2023-04-17T16:52:15.966-05:00  WARN 14568 --- [restartedMain] o.s.data.convert.CustomConversions       : Registering converter from class microsoft.sql.DateTimeOffset to class java.time.OffsetDateTime as reading converter although it doesn't convert from a store-supported type; You might want to check your annotation setup at the converter implementation
2023-04-17T16:52:16.083-05:00  INFO 14568 --- [restartedMain] o.s.b.d.a.OptionalLiveReloadServer       : LiveReload server is running on port 35729
2023-04-17T16:52:16.199-05:00  INFO 14568 --- [restartedMain] o.s.b.w.embedded.tomcat.TomcatWebServer  : Tomcat started on port(s): 8080 (http) with context path '/onpe'
2023-04-17T16:52:16.214-05:00  INFO 14568 --- [restartedMain] com.onpe.OnpeFinalApplication            : Started OnpeFinalApplication in 6.062 seconds (process running for 7.312)
2023-04-17T16:52:23.925-05:00  INFO 14568 --- [http-nio-8080-exec-1] o.a.c.c.C.[Tomcat].[localhost].[/onpe]   : Initializing Spring DispatcherServlet 'dispatcherServlet'
2023-04-17T16:52:23.928-05:00  INFO 14568 --- [http-nio-8080-exec-1] o.s.web.servlet.DispatcherServlet        : Initializing Servlet 'dispatcherServlet'
2023-04-17T16:52:23.933-05:00  INFO 14568 --- [http-nio-8080-exec-1] o.s.web.servlet.DispatcherServlet        : Completed initialization in 3 ms
2023-04-17T17:00:03.220-05:00  INFO 14568 --- [File Watcher] rtingClassPathChangeChangedEventListener : Restarting due to 1 class path change (0 additions, 0 deletions, 1 modification)
2023-04-17T17:00:03.230-05:00  INFO 14568 --- [Thread-5] o.apache.catalina.core.StandardService   : Stopping service [Tomcat]
2023-04-17T17:00:03.233-05:00  INFO 14568 --- [Thread-5] o.a.c.c.C.[Tomcat].[localhost].[/onpe]   : Destroying Spring FrameworkServlet 'dispatcherServlet'
2023-04-17T17:00:03.235-05:00  WARN 14568 --- [Thread-5] o.a.c.loader.WebappClassLoaderBase       : The web application [onpe] appears to have started a thread named [mssql-jdbc-shared-timer-core-0] but has failed to stop it. This is very likely to create a memory leak. Stack trace of thread:
 java.base@17.0.6/jdk.internal.misc.Unsafe.park(Native Method)
 java.base@17.0.6/java.util.concurrent.locks.LockSupport.park(LockSupport.java:341)
 java.base@17.0.6/java.util.concurrent.locks.AbstractQueuedSynchronizer$ConditionNode.block(AbstractQueuedSynchronizer.java:506)
 java.base@17.0.6/java.util.concurrent.ForkJoinPool.unmanagedBlock(ForkJoinPool.java:3463)
 java.base@17.0.6/java.util.concurrent.ForkJoinPool.managedBlock(ForkJoinPool.java:3434)
 java.base@17.0.6/java.util.concurrent.locks.AbstractQueuedSynchronizer$ConditionObject.await(AbstractQueuedSynchronizer.java:1623)
 java.base@17.0.6/java.util.concurrent.ScheduledThreadPoolExecutor$DelayedWorkQueue.take(ScheduledThreadPoolExecutor.java:1170)
 java.base@17.0.6/java.util.concurrent.ScheduledThreadPoolExecutor$DelayedWorkQueue.take(ScheduledThreadPoolExecutor.java:899)
 java.base@17.0.6/java.util.concurrent.ThreadPoolExecutor.getTask(ThreadPoolExecutor.java:1062)
 java.base@17.0.6/java.util.concurrent.ThreadPoolExecutor.runWorker(ThreadPoolExecutor.java:1122)
 java.base@17.0.6/java.util.concurrent.ThreadPoolExecutor$Worker.run(ThreadPoolExecutor.java:635)
 java.base@17.0.6/java.lang.Thread.run(Thread.java:833)
2023-04-17T17:00:03.236-05:00  WARN 14568 --- [Thread-5] o.a.c.loader.WebappClassLoaderBase       : The web application [onpe] appears to have started a thread named [HikariPool-1 housekeeper] but has failed to stop it. This is very likely to create a memory leak. Stack trace of thread:
 java.base@17.0.6/jdk.internal.misc.Unsafe.park(Native Method)
 java.base@17.0.6/java.util.concurrent.locks.LockSupport.parkNanos(LockSupport.java:252)
 java.base@17.0.6/java.util.concurrent.locks.AbstractQueuedSynchronizer$ConditionObject.awaitNanos(AbstractQueuedSynchronizer.java:1672)
 java.base@17.0.6/java.util.concurrent.ScheduledThreadPoolExecutor$DelayedWorkQueue.take(ScheduledThreadPoolExecutor.java:1182)
 java.base@17.0.6/java.util.concurrent.ScheduledThreadPoolExecutor$DelayedWorkQueue.take(ScheduledThreadPoolExecutor.java:899)
 java.base@17.0.6/java.util.concurrent.ThreadPoolExecutor.getTask(ThreadPoolExecutor.java:1062)
 java.base@17.0.6/java.util.concurrent.ThreadPoolExecutor.runWorker(ThreadPoolExecutor.java:1122)
 java.base@17.0.6/java.util.concurrent.ThreadPoolExecutor$Worker.run(ThreadPoolExecutor.java:635)
 java.base@17.0.6/java.lang.Thread.run(Thread.java:833)
2023-04-17T17:00:03.243-05:00  INFO 14568 --- [Thread-5] j.LocalContainerEntityManagerFactoryBean : Closing JPA EntityManagerFactory for persistence unit 'default'
2023-04-17T17:00:03.246-05:00  INFO 14568 --- [Thread-5] com.zaxxer.hikari.HikariDataSource       : HikariPool-1 - Shutdown initiated...
2023-04-17T17:00:03.249-05:00  INFO 14568 --- [Thread-5] com.zaxxer.hikari.HikariDataSource       : HikariPool-1 - Shutdown completed.
2023-04-17T17:00:03.435-05:00  INFO 14568 --- [restartedMain] com.onpe.OnpeFinalApplication            : Starting OnpeFinalApplication using Java 17.0.6 with PID 14568 (C:\Users\BAUYES\Desktop\Onpe_Final\target\classes started by BAUYES in C:\Users\BAUYES\Desktop\Onpe_Final)
2023-04-17T17:00:03.436-05:00  INFO 14568 --- [restartedMain] com.onpe.OnpeFinalApplication            : No active profile set, falling back to 1 default profile: "default"
2023-04-17T17:00:03.836-05:00  INFO 14568 --- [restartedMain] .s.d.r.c.RepositoryConfigurationDelegate : Multiple Spring Data modules found, entering strict repository configuration mode
2023-04-17T17:00:03.837-05:00  INFO 14568 --- [restartedMain] .s.d.r.c.RepositoryConfigurationDelegate : Bootstrapping Spring Data JDBC repositories in DEFAULT mode.
2023-04-17T17:00:03.847-05:00  INFO 14568 --- [restartedMain] .RepositoryConfigurationExtensionSupport : Spring Data JDBC - Could not safely identify store assignment for repository candidate interface com.onpe.repository.IGrupoCaso; If you want this repository to be a JDBC repository, consider annotating your entities with one of these annotations: org.springframework.data.relational.core.mapping.Table.
2023-04-17T17:00:03.847-05:00  INFO 14568 --- [restartedMain] .s.d.r.c.RepositoryConfigurationDelegate : Finished Spring Data repository scanning in 10 ms. Found 0 JDBC repository interfaces.
2023-04-17T17:00:03.853-05:00  INFO 14568 --- [restartedMain] .s.d.r.c.RepositoryConfigurationDelegate : Multiple Spring Data modules found, entering strict repository configuration mode
2023-04-17T17:00:03.854-05:00  INFO 14568 --- [restartedMain] .s.d.r.c.RepositoryConfigurationDelegate : Bootstrapping Spring Data JPA repositories in DEFAULT mode.
2023-04-17T17:00:03.869-05:00  INFO 14568 --- [restartedMain] .s.d.r.c.RepositoryConfigurationDelegate : Finished Spring Data repository scanning in 14 ms. Found 1 JPA repository interfaces.
2023-04-17T17:00:04.062-05:00  INFO 14568 --- [restartedMain] o.s.b.w.embedded.tomcat.TomcatWebServer  : Tomcat initialized with port(s): 8080 (http)
2023-04-17T17:00:04.063-05:00  INFO 14568 --- [restartedMain] o.apache.catalina.core.StandardService   : Starting service [Tomcat]
2023-04-17T17:00:04.063-05:00  INFO 14568 --- [restartedMain] o.apache.catalina.core.StandardEngine    : Starting Servlet engine: [Apache Tomcat/10.1.7]
2023-04-17T17:00:04.093-05:00  INFO 14568 --- [restartedMain] o.a.c.c.C.[Tomcat].[localhost].[/onpe]   : Initializing Spring embedded WebApplicationContext
2023-04-17T17:00:04.094-05:00  INFO 14568 --- [restartedMain] w.s.c.ServletWebServerApplicationContext : Root WebApplicationContext: initialization completed in 648 ms
2023-04-17T17:00:04.155-05:00  INFO 14568 --- [restartedMain] o.hibernate.jpa.internal.util.LogHelper  : HHH000204: Processing PersistenceUnitInfo [name: default]
2023-04-17T17:00:04.203-05:00  INFO 14568 --- [restartedMain] com.zaxxer.hikari.HikariDataSource       : HikariPool-2 - Starting...
2023-04-17T17:00:04.248-05:00  INFO 14568 --- [restartedMain] com.zaxxer.hikari.pool.HikariPool        : HikariPool-2 - Added connection ConnectionID:11 ClientConnectionId: 4be49d27-223b-495e-b4d5-26857d73b64c
2023-04-17T17:00:04.249-05:00  INFO 14568 --- [restartedMain] com.zaxxer.hikari.HikariDataSource       : HikariPool-2 - Start completed.
2023-04-17T17:00:04.249-05:00  INFO 14568 --- [restartedMain] SQL dialect                              : HHH000400: Using dialect: org.hibernate.dialect.SQLServerDialect
2023-04-17T17:00:04.323-05:00  INFO 14568 --- [restartedMain] o.h.e.t.j.p.i.JtaPlatformInitiator       : HHH000490: Using JtaPlatform implementation: [org.hibernate.engine.transaction.jta.platform.internal.NoJtaPlatform]
2023-04-17T17:00:04.324-05:00  INFO 14568 --- [restartedMain] j.LocalContainerEntityManagerFactoryBean : Initialized JPA EntityManagerFactory for persistence unit 'default'
2023-04-17T17:00:04.499-05:00  WARN 14568 --- [restartedMain] JpaBaseConfiguration$JpaWebConfiguration : spring.jpa.open-in-view is enabled by default. Therefore, database queries may be performed during view rendering. Explicitly configure spring.jpa.open-in-view to disable this warning
2023-04-17T17:00:04.618-05:00  INFO 14568 --- [restartedMain] o.s.b.a.w.s.WelcomePageHandlerMapping    : Adding welcome page template: index
2023-04-17T17:00:04.783-05:00  WARN 14568 --- [restartedMain] o.s.data.convert.CustomConversions       : Registering converter from class microsoft.sql.DateTimeOffset to class java.time.OffsetDateTime as reading converter although it doesn't convert from a store-supported type; You might want to check your annotation setup at the converter implementation
2023-04-17T17:00:04.812-05:00  INFO 14568 --- [restartedMain] o.s.b.d.a.OptionalLiveReloadServer       : LiveReload server is running on port 35729
2023-04-17T17:00:04.832-05:00  INFO 14568 --- [restartedMain] o.s.b.w.embedded.tomcat.TomcatWebServer  : Tomcat started on port(s): 8080 (http) with context path '/onpe'
2023-04-17T17:00:04.856-05:00  INFO 14568 --- [restartedMain] com.onpe.OnpeFinalApplication            : Started OnpeFinalApplication in 1.557 seconds (process running for 475.955)
2023-04-17T17:00:04.870-05:00  INFO 14568 --- [restartedMain] .ConditionEvaluationDeltaLoggingListener : Condition evaluation unchanged
2023-04-17T17:00:14.913-05:00  INFO 14568 --- [RMI TCP Connection(17)-127.0.0.1] inMXBeanRegistrar$SpringApplicationAdmin : Application shutdown requested.
2023-04-17T17:00:14.920-05:00  INFO 14568 --- [RMI TCP Connection(17)-127.0.0.1] o.apache.catalina.core.StandardService   : Stopping service [Tomcat]
2023-04-17T17:00:14.922-05:00  WARN 14568 --- [RMI TCP Connection(17)-127.0.0.1] o.a.c.loader.WebappClassLoaderBase       : The web application [onpe] appears to have started a thread named [mssql-jdbc-shared-timer-core-1] but has failed to stop it. This is very likely to create a memory leak. Stack trace of thread:
 java.base@17.0.6/jdk.internal.misc.Unsafe.park(Native Method)
 java.base@17.0.6/java.util.concurrent.locks.LockSupport.park(LockSupport.java:341)
 java.base@17.0.6/java.util.concurrent.locks.AbstractQueuedSynchronizer$ConditionNode.block(AbstractQueuedSynchronizer.java:506)
 java.base@17.0.6/java.util.concurrent.ForkJoinPool.unmanagedBlock(ForkJoinPool.java:3463)
 java.base@17.0.6/java.util.concurrent.ForkJoinPool.managedBlock(ForkJoinPool.java:3434)
 java.base@17.0.6/java.util.concurrent.locks.AbstractQueuedSynchronizer$ConditionObject.await(AbstractQueuedSynchronizer.java:1623)
 java.base@17.0.6/java.util.concurrent.ScheduledThreadPoolExecutor$DelayedWorkQueue.take(ScheduledThreadPoolExecutor.java:1170)
 java.base@17.0.6/java.util.concurrent.ScheduledThreadPoolExecutor$DelayedWorkQueue.take(ScheduledThreadPoolExecutor.java:899)
 java.base@17.0.6/java.util.concurrent.ThreadPoolExecutor.getTask(ThreadPoolExecutor.java:1062)
 java.base@17.0.6/java.util.concurrent.ThreadPoolExecutor.runWorker(ThreadPoolExecutor.java:1122)
 java.base@17.0.6/java.util.concurrent.ThreadPoolExecutor$Worker.run(ThreadPoolExecutor.java:635)
 java.base@17.0.6/java.lang.Thread.run(Thread.java:833)
2023-04-17T17:00:14.924-05:00  WARN 14568 --- [RMI TCP Connection(17)-127.0.0.1] o.a.c.loader.WebappClassLoaderBase       : The web application [onpe] appears to have started a thread named [HikariPool-2 housekeeper] but has failed to stop it. This is very likely to create a memory leak. Stack trace of thread:
 java.base@17.0.6/jdk.internal.misc.Unsafe.park(Native Method)
 java.base@17.0.6/java.util.concurrent.locks.LockSupport.parkNanos(LockSupport.java:252)
 java.base@17.0.6/java.util.concurrent.locks.AbstractQueuedSynchronizer$ConditionObject.awaitNanos(AbstractQueuedSynchronizer.java:1672)
 java.base@17.0.6/java.util.concurrent.ScheduledThreadPoolExecutor$DelayedWorkQueue.take(ScheduledThreadPoolExecutor.java:1182)
 java.base@17.0.6/java.util.concurrent.ScheduledThreadPoolExecutor$DelayedWorkQueue.take(ScheduledThreadPoolExecutor.java:899)
 java.base@17.0.6/java.util.concurrent.ThreadPoolExecutor.getTask(ThreadPoolExecutor.java:1062)
 java.base@17.0.6/java.util.concurrent.ThreadPoolExecutor.runWorker(ThreadPoolExecutor.java:1122)
 java.base@17.0.6/java.util.concurrent.ThreadPoolExecutor$Worker.run(ThreadPoolExecutor.java:635)
 java.base@17.0.6/java.lang.Thread.run(Thread.java:833)
2023-04-17T17:00:14.929-05:00  INFO 14568 --- [RMI TCP Connection(17)-127.0.0.1] j.LocalContainerEntityManagerFactoryBean : Closing JPA EntityManagerFactory for persistence unit 'default'
2023-04-17T17:00:14.930-05:00  INFO 14568 --- [RMI TCP Connection(17)-127.0.0.1] com.zaxxer.hikari.HikariDataSource       : HikariPool-2 - Shutdown initiated...
2023-04-17T17:00:14.933-05:00  INFO 14568 --- [RMI TCP Connection(17)-127.0.0.1] com.zaxxer.hikari.HikariDataSource       : HikariPool-2 - Shutdown completed.
2023-04-17T17:00:18.704-05:00  INFO 6900 --- [restartedMain] com.onpe.OnpeFinalApplication            : Starting OnpeFinalApplication using Java 17.0.6 with PID 6900 (C:\Users\BAUYES\Desktop\Onpe_Final\target\classes started by BAUYES in C:\Users\BAUYES\Desktop\Onpe_Final)
2023-04-17T17:00:18.708-05:00  INFO 6900 --- [restartedMain] com.onpe.OnpeFinalApplication            : No active profile set, falling back to 1 default profile: "default"
2023-04-17T17:00:18.813-05:00  INFO 6900 --- [restartedMain] .e.DevToolsPropertyDefaultsPostProcessor : Devtools property defaults active! Set 'spring.devtools.add-properties' to 'false' to disable
2023-04-17T17:00:18.813-05:00  INFO 6900 --- [restartedMain] .e.DevToolsPropertyDefaultsPostProcessor : For additional web related logging consider setting the 'logging.level.web' property to 'DEBUG'
2023-04-17T17:00:19.700-05:00  INFO 6900 --- [restartedMain] .s.d.r.c.RepositoryConfigurationDelegate : Multiple Spring Data modules found, entering strict repository configuration mode
2023-04-17T17:00:19.702-05:00  INFO 6900 --- [restartedMain] .s.d.r.c.RepositoryConfigurationDelegate : Bootstrapping Spring Data JDBC repositories in DEFAULT mode.
2023-04-17T17:00:19.747-05:00  INFO 6900 --- [restartedMain] .RepositoryConfigurationExtensionSupport : Spring Data JDBC - Could not safely identify store assignment for repository candidate interface com.onpe.repository.IGrupoCaso; If you want this repository to be a JDBC repository, consider annotating your entities with one of these annotations: org.springframework.data.relational.core.mapping.Table.
2023-04-17T17:00:19.749-05:00  INFO 6900 --- [restartedMain] .s.d.r.c.RepositoryConfigurationDelegate : Finished Spring Data repository scanning in 40 ms. Found 0 JDBC repository interfaces.
2023-04-17T17:00:19.776-05:00  INFO 6900 --- [restartedMain] .s.d.r.c.RepositoryConfigurationDelegate : Multiple Spring Data modules found, entering strict repository configuration mode
2023-04-17T17:00:19.779-05:00  INFO 6900 --- [restartedMain] .s.d.r.c.RepositoryConfigurationDelegate : Bootstrapping Spring Data JPA repositories in DEFAULT mode.
2023-04-17T17:00:19.846-05:00  INFO 6900 --- [restartedMain] .s.d.r.c.RepositoryConfigurationDelegate : Finished Spring Data repository scanning in 60 ms. Found 1 JPA repository interfaces.
2023-04-17T17:00:20.763-05:00  INFO 6900 --- [restartedMain] o.s.b.w.embedded.tomcat.TomcatWebServer  : Tomcat initialized with port(s): 8080 (http)
2023-04-17T17:00:20.783-05:00  INFO 6900 --- [restartedMain] o.apache.catalina.core.StandardService   : Starting service [Tomcat]
2023-04-17T17:00:20.784-05:00  INFO 6900 --- [restartedMain] o.apache.catalina.core.StandardEngine    : Starting Servlet engine: [Apache Tomcat/10.1.7]
2023-04-17T17:00:20.953-05:00  INFO 6900 --- [restartedMain] o.a.c.c.C.[Tomcat].[localhost].[/onpe]   : Initializing Spring embedded WebApplicationContext
2023-04-17T17:00:20.954-05:00  INFO 6900 --- [restartedMain] w.s.c.ServletWebServerApplicationContext : Root WebApplicationContext: initialization completed in 2139 ms
2023-04-17T17:00:21.195-05:00  INFO 6900 --- [restartedMain] o.hibernate.jpa.internal.util.LogHelper  : HHH000204: Processing PersistenceUnitInfo [name: default]
2023-04-17T17:00:21.270-05:00  INFO 6900 --- [restartedMain] org.hibernate.Version                    : HHH000412: Hibernate ORM core version 6.1.7.Final
2023-04-17T17:00:21.694-05:00  INFO 6900 --- [restartedMain] com.zaxxer.hikari.HikariDataSource       : HikariPool-1 - Starting...
2023-04-17T17:00:22.033-05:00  INFO 6900 --- [restartedMain] com.zaxxer.hikari.pool.HikariPool        : HikariPool-1 - Added connection ConnectionID:1 ClientConnectionId: 11cb54e4-f08e-4c0d-bc1b-e398e162661f
2023-04-17T17:00:22.036-05:00  INFO 6900 --- [restartedMain] com.zaxxer.hikari.HikariDataSource       : HikariPool-1 - Start completed.
2023-04-17T17:00:22.096-05:00  INFO 6900 --- [restartedMain] SQL dialect                              : HHH000400: Using dialect: org.hibernate.dialect.SQLServerDialect
2023-04-17T17:00:23.065-05:00  INFO 6900 --- [restartedMain] o.h.e.t.j.p.i.JtaPlatformInitiator       : HHH000490: Using JtaPlatform implementation: [org.hibernate.engine.transaction.jta.platform.internal.NoJtaPlatform]
2023-04-17T17:00:23.084-05:00  INFO 6900 --- [restartedMain] j.LocalContainerEntityManagerFactoryBean : Initialized JPA EntityManagerFactory for persistence unit 'default'
2023-04-17T17:00:23.497-05:00  WARN 6900 --- [restartedMain] JpaBaseConfiguration$JpaWebConfiguration : spring.jpa.open-in-view is enabled by default. Therefore, database queries may be performed during view rendering. Explicitly configure spring.jpa.open-in-view to disable this warning
2023-04-17T17:00:23.716-05:00  INFO 6900 --- [restartedMain] o.s.b.a.w.s.WelcomePageHandlerMapping    : Adding welcome page template: index
2023-04-17T17:00:24.007-05:00  WARN 6900 --- [restartedMain] o.s.data.convert.CustomConversions       : Registering converter from class microsoft.sql.DateTimeOffset to class java.time.OffsetDateTime as reading converter although it doesn't convert from a store-supported type; You might want to check your annotation setup at the converter implementation
2023-04-17T17:00:24.135-05:00  INFO 6900 --- [restartedMain] o.s.b.d.a.OptionalLiveReloadServer       : LiveReload server is running on port 35729
2023-04-17T17:00:24.210-05:00  INFO 6900 --- [restartedMain] o.s.b.w.embedded.tomcat.TomcatWebServer  : Tomcat started on port(s): 8080 (http) with context path '/onpe'
2023-04-17T17:00:24.228-05:00  INFO 6900 --- [restartedMain] com.onpe.OnpeFinalApplication            : Started OnpeFinalApplication in 6.03 seconds (process running for 7.822)
2023-04-17T17:00:34.701-05:00  INFO 6900 --- [http-nio-8080-exec-1] o.a.c.c.C.[Tomcat].[localhost].[/onpe]   : Initializing Spring DispatcherServlet 'dispatcherServlet'
2023-04-17T17:00:34.702-05:00  INFO 6900 --- [http-nio-8080-exec-1] o.s.web.servlet.DispatcherServlet        : Initializing Servlet 'dispatcherServlet'
2023-04-17T17:00:34.713-05:00  INFO 6900 --- [http-nio-8080-exec-1] o.s.web.servlet.DispatcherServlet        : Completed initialization in 10 ms
